2025-02-11 05:45:11 — INFO — Running with edr=0.14.1
2025-02-11 05:45:11 — INFO — Installing packages for edr internal dbt package...
2025-02-11 05:45:11 — INFO — Running dbt --log-format json deps --project-dir /usr/local/lib/python3.9/site-packages/elementary/monitor/dbt_project
2025-02-11 05:45:14 — DEBUG — Result bytes size for command '['dbt', '--log-format', 'json', 'deps', '--project-dir', '/usr/local/lib/python3.9/site-packages/elementary/monitor/dbt_project']' is 3449
2025-02-11 05:45:14 — INFO — Running with dbt=1.9.2
2025-02-11 05:45:14 — INFO — Updating lock file in file path: /usr/local/lib/python3.9/site-packages/elementary/monitor/dbt_project/package-lock.yml
2025-02-11 05:45:14 — INFO — Installing dbt-labs/dbt_utils
2025-02-11 05:45:14 — INFO — Installed from version 0.8.6
2025-02-11 05:45:14 — INFO — Updated version available: 1.3.0
2025-02-11 05:45:14 — INFO — Installing elementary-data/elementary
2025-02-11 05:45:14 — INFO — Installed from version 0.14.1
2025-02-11 05:45:14 — INFO — Updated version available: 0.16.4
2025-02-11 05:45:14 — INFO — 
2025-02-11 05:45:14 — INFO — Updates available for packages: ['dbt-labs/dbt_utils', 'elementary-data/elementary']                 
Update your versions in packages.yml, then run dbt deps
2025-02-11 05:45:14 — DEBUG — Running dbt --log-format json run-operation elementary.log_macro_results --args {"macro_name": "elementary_cli.get_latest_invocation", "macro_args": {}} --project-dir /usr/local/lib/python3.9/site-packages/elementary/monitor/dbt_project
2025-02-11 05:45:24 — DEBUG — Result bytes size for command '['dbt', '--log-format', 'json', 'run-operation', 'elementary.log_macro_results', '--args', '{"macro_name": "elementary_cli.get_latest_invocation", "macro_args": {}}', '--project-dir', '/usr/local/lib/python3.9/site-packages/elementary/monitor/dbt_project']' is 4696
2025-02-11 05:45:24 — DEBUG — Running dbt --log-format json run-operation elementary.log_macro_results --args {"macro_name": "elementary_cli.get_adapter_type_and_unique_id", "macro_args": {}} --project-dir /usr/local/lib/python3.9/site-packages/elementary/monitor/dbt_project
2025-02-11 05:45:28 — DEBUG — Result bytes size for command '['dbt', '--log-format', 'json', 'run-operation', 'elementary.log_macro_results', '--args', '{"macro_name": "elementary_cli.get_adapter_type_and_unique_id", "macro_args": {}}', '--project-dir', '/usr/local/lib/python3.9/site-packages/elementary/monitor/dbt_project']' is 1845
2025-02-11 05:45:28 — INFO — edr (0.14.1) and Elementary's dbt package (0.14.1) are compatible.
2025-02-11 05:45:28 — DEBUG — Running dbt --log-format json run-operation elementary.log_macro_results --args {"macro_name": "elementary_cli.get_elementary_database_and_schema", "macro_args": {}} --project-dir /usr/local/lib/python3.9/site-packages/elementary/monitor/dbt_project
2025-02-11 05:45:32 — DEBUG — Result bytes size for command '['dbt', '--log-format', 'json', 'run-operation', 'elementary.log_macro_results', '--args', '{"macro_name": "elementary_cli.get_elementary_database_and_schema", "macro_args": {}}', '--project-dir', '/usr/local/lib/python3.9/site-packages/elementary/monitor/dbt_project']' is 1787
2025-02-11 05:45:32 — INFO — Elementary's database and schema: '"neondb.dbt_testing_example_elementary"'
2025-02-11 05:45:32 — INFO — Running dbt --log-format json run-operation elementary.log_macro_results --args {"macro_name": "elementary_cli.get_test_results", "macro_args": {"days_back": 7, "invocations_per_test": 720, "disable_passed_test_metrics": false}} --project-dir /usr/local/lib/python3.9/site-packages/elementary/monitor/dbt_project
2025-02-11 05:45:37 — DEBUG — Result bytes size for command '['dbt', '--log-format', 'json', 'run-operation', 'elementary.log_macro_results', '--args', '{"macro_name": "elementary_cli.get_test_results", "macro_args": {"days_back": 7, "invocations_per_test": 720, "disable_passed_test_metrics": false}}', '--project-dir', '/usr/local/lib/python3.9/site-packages/elementary/monitor/dbt_project']' is 560277
2025-02-11 05:45:37 — INFO — Running dbt --log-format json run-operation elementary.log_macro_results --args {"macro_name": "elementary_cli.get_source_freshness_results", "macro_args": {"days_back": 7, "invocations_per_test": 720}} --project-dir /usr/local/lib/python3.9/site-packages/elementary/monitor/dbt_project
2025-02-11 05:45:42 — DEBUG — Result bytes size for command '['dbt', '--log-format', 'json', 'run-operation', 'elementary.log_macro_results', '--args', '{"macro_name": "elementary_cli.get_source_freshness_results", "macro_args": {"days_back": 7, "invocations_per_test": 720}}', '--project-dir', '/usr/local/lib/python3.9/site-packages/elementary/monitor/dbt_project']' is 1709
2025-02-11 05:45:42 — INFO — Running dbt --log-format json run-operation elementary.log_macro_results --args {"macro_name": "elementary_cli.get_models", "macro_args": {"exclude_elementary": true}} --project-dir /usr/local/lib/python3.9/site-packages/elementary/monitor/dbt_project
2025-02-11 05:45:47 — DEBUG — Result bytes size for command '['dbt', '--log-format', 'json', 'run-operation', 'elementary.log_macro_results', '--args', '{"macro_name": "elementary_cli.get_models", "macro_args": {"exclude_elementary": true}}', '--project-dir', '/usr/local/lib/python3.9/site-packages/elementary/monitor/dbt_project']' is 5513
2025-02-11 05:45:47 — INFO — Running dbt --log-format json run-operation elementary.log_macro_results --args {"macro_name": "elementary_cli.get_sources", "macro_args": {}} --project-dir /usr/local/lib/python3.9/site-packages/elementary/monitor/dbt_project
2025-02-11 05:45:52 — DEBUG — Result bytes size for command '['dbt', '--log-format', 'json', 'run-operation', 'elementary.log_macro_results', '--args', '{"macro_name": "elementary_cli.get_sources", "macro_args": {}}', '--project-dir', '/usr/local/lib/python3.9/site-packages/elementary/monitor/dbt_project']' is 3537
2025-02-11 05:45:52 — INFO — Running dbt --log-format json run-operation elementary.log_macro_results --args {"macro_name": "elementary_cli.get_exposures", "macro_args": {}} --project-dir /usr/local/lib/python3.9/site-packages/elementary/monitor/dbt_project
2025-02-11 05:45:57 — DEBUG — Result bytes size for command '['dbt', '--log-format', 'json', 'run-operation', 'elementary.log_macro_results', '--args', '{"macro_name": "elementary_cli.get_exposures", "macro_args": {}}', '--project-dir', '/usr/local/lib/python3.9/site-packages/elementary/monitor/dbt_project']' is 1709
2025-02-11 05:45:57 — INFO — Running dbt --log-format json run-operation elementary.log_macro_results --args {"macro_name": "elementary_cli.get_models_runs", "macro_args": {"days_back": 7, "exclude_elementary": true}} --project-dir /usr/local/lib/python3.9/site-packages/elementary/monitor/dbt_project
2025-02-11 05:46:02 — DEBUG — Result bytes size for command '['dbt', '--log-format', 'json', 'run-operation', 'elementary.log_macro_results', '--args', '{"macro_name": "elementary_cli.get_models_runs", "macro_args": {"days_back": 7, "exclude_elementary": true}}', '--project-dir', '/usr/local/lib/python3.9/site-packages/elementary/monitor/dbt_project']' is 49865
2025-02-11 05:46:02 — INFO — Running dbt --log-format json run-operation elementary.log_macro_results --args {"macro_name": "elementary_cli.get_dbt_models_test_coverage", "macro_args": {}} --project-dir /usr/local/lib/python3.9/site-packages/elementary/monitor/dbt_project
2025-02-11 05:46:07 — DEBUG — Result bytes size for command '['dbt', '--log-format', 'json', 'run-operation', 'elementary.log_macro_results', '--args', '{"macro_name": "elementary_cli.get_dbt_models_test_coverage", "macro_args": {}}', '--project-dir', '/usr/local/lib/python3.9/site-packages/elementary/monitor/dbt_project']' is 3127
2025-02-11 05:46:07 — INFO — Running dbt --log-format json run-operation elementary.log_macro_results --args {"macro_name": "elementary_cli.get_nodes_depends_on_nodes", "macro_args": {"exclude_elementary": true}} --project-dir /usr/local/lib/python3.9/site-packages/elementary/monitor/dbt_project
2025-02-11 05:46:12 — DEBUG — Result bytes size for command '['dbt', '--log-format', 'json', 'run-operation', 'elementary.log_macro_results', '--args', '{"macro_name": "elementary_cli.get_nodes_depends_on_nodes", "macro_args": {"exclude_elementary": true}}', '--project-dir', '/usr/local/lib/python3.9/site-packages/elementary/monitor/dbt_project']' is 4115
2025-02-11 05:46:12 — INFO — Running dbt --log-format json run-operation elementary.log_macro_results --args {"macro_name": "elementary_cli.get_models_latest_invocation", "macro_args": {}} --project-dir /usr/local/lib/python3.9/site-packages/elementary/monitor/dbt_project
2025-02-11 05:46:16 — DEBUG — Result bytes size for command '['dbt', '--log-format', 'json', 'run-operation', 'elementary.log_macro_results', '--args', '{"macro_name": "elementary_cli.get_models_latest_invocation", "macro_args": {}}', '--project-dir', '/usr/local/lib/python3.9/site-packages/elementary/monitor/dbt_project']' is 9879
2025-02-11 05:46:16 — INFO — Running dbt --log-format json run-operation elementary.log_macro_results --args {"macro_name": "elementary_cli.get_models_latest_invocations_data", "macro_args": {}} --project-dir /usr/local/lib/python3.9/site-packages/elementary/monitor/dbt_project
2025-02-11 05:46:21 — DEBUG — Result bytes size for command '['dbt', '--log-format', 'json', 'run-operation', 'elementary.log_macro_results', '--args', '{"macro_name": "elementary_cli.get_models_latest_invocations_data", "macro_args": {}}', '--project-dir', '/usr/local/lib/python3.9/site-packages/elementary/monitor/dbt_project']' is 2305
